<?xml version="1.0" encoding="UTF-8"?>
<testng-results ignored="0" total="1" passed="1" failed="0" skipped="0">
  <reporter-output>
  </reporter-output>
  <suite started-at="2023-12-19T18:04:47 IST" name="Default suite" finished-at="2023-12-19T18:04:49 IST" duration-ms="2208">
    <groups>
    </groups>
    <test started-at="2023-12-19T18:04:47 IST" name="Default test" finished-at="2023-12-19T18:04:49 IST" duration-ms="2208">
      <class name="in.Simplilearn.RestAssuredDemo.DeleteDemo">
        <test-method signature="deleteResource()[pri:0, instance:in.Simplilearn.RestAssuredDemo.DeleteDemo@342c38f8]" started-at="2023-12-19T18:04:47 IST" name="deleteResource" finished-at="2023-12-19T18:04:49 IST" duration-ms="2165" status="PASS">
          <reporter-output>
          </reporter-output>
        </test-method> <!-- deleteResource -->
      </class> <!-- in.Simplilearn.RestAssuredDemo.DeleteDemo -->
    </test> <!-- Default test -->
  </suite> <!-- Default suite -->
</testng-results>
